<?xml version="1.0" encoding="utf-8"?><testsuites><testsuite name="pytest" errors="0" failures="0" skipped="0" tests="99" time="22.192" timestamp="2024-06-27T12:10:03.286179" hostname="VA-tW7ntgGfrvVW"><testcase classname="tests.test_loop_user_crud.Test_UserCrud" name="test_register_user[user0]" time="0.735" /><testcase classname="tests.test_loop_user_crud.Test_UserCrud" name="test_login_user[user0]" time="0.203" /><testcase classname="tests.test_loop_user_crud.Test_UserCrud" name="test_get_user_profile[user0]" time="0.143" /><testcase classname="tests.test_loop_user_crud.Test_UserCrud" name="test_update_user_profile[user0]" time="0.169" /><testcase classname="tests.test_loop_user_crud.Test_UserCrud" name="test_logout_user[user0]" time="0.133" /><testcase classname="tests.test_loop_user_crud.Test_UserCrud" name="test_get_user_profile_after_logout[user0]" time="0.129" /><testcase classname="tests.test_loop_user_crud.Test_UserCrud" name="test_login_and_get_updated_user[user0]" time="0.163" /><testcase classname="tests.test_loop_user_crud.Test_UserCrud" name="test_delete_user[user0]" time="0.133" /><testcase classname="tests.test_loop_user_crud.Test_UserCrud" name="test_get_user_profile_after_delete[user0]" time="0.128" /><testcase classname="tests.test_loop_user_crud.Test_UserCrud" name="test_register_user[user1]" time="0.210" /><testcase classname="tests.test_loop_user_crud.Test_UserCrud" name="test_login_user[user1]" time="0.159" /><testcase classname="tests.test_loop_user_crud.Test_UserCrud" name="test_get_user_profile[user1]" time="0.127" /><testcase classname="tests.test_loop_user_crud.Test_UserCrud" name="test_update_user_profile[user1]" time="0.160" /><testcase classname="tests.test_loop_user_crud.Test_UserCrud" name="test_logout_user[user1]" time="0.132" /><testcase classname="tests.test_loop_user_crud.Test_UserCrud" name="test_get_user_profile_after_logout[user1]" time="0.128" /><testcase classname="tests.test_loop_user_crud.Test_UserCrud" name="test_login_and_get_updated_user[user1]" time="0.157" /><testcase classname="tests.test_loop_user_crud.Test_UserCrud" name="test_delete_user[user1]" time="0.128" /><testcase classname="tests.test_loop_user_crud.Test_UserCrud" name="test_get_user_profile_after_delete[user1]" time="0.125" /><testcase classname="tests.test_loop_user_crud.Test_UserCrud" name="test_register_user[user2]" time="0.172" /><testcase classname="tests.test_loop_user_crud.Test_UserCrud" name="test_login_user[user2]" time="0.209" /><testcase classname="tests.test_loop_user_crud.Test_UserCrud" name="test_get_user_profile[user2]" time="0.127" /><testcase classname="tests.test_loop_user_crud.Test_UserCrud" name="test_update_user_profile[user2]" time="0.155" /><testcase classname="tests.test_loop_user_crud.Test_UserCrud" name="test_logout_user[user2]" time="0.135" /><testcase classname="tests.test_loop_user_crud.Test_UserCrud" name="test_get_user_profile_after_logout[user2]" time="0.254" /><testcase classname="tests.test_loop_user_crud.Test_UserCrud" name="test_login_and_get_updated_user[user2]" time="0.714" /><testcase classname="tests.test_loop_user_crud.Test_UserCrud" name="test_delete_user[user2]" time="0.155" /><testcase classname="tests.test_loop_user_crud.Test_UserCrud" name="test_get_user_profile_after_delete[user2]" time="0.128" /><testcase classname="tests.test_loop_user_crud.Test_UserCrud" name="test_register_user[user3]" time="0.238" /><testcase classname="tests.test_loop_user_crud.Test_UserCrud" name="test_login_user[user3]" time="0.623" /><testcase classname="tests.test_loop_user_crud.Test_UserCrud" name="test_get_user_profile[user3]" time="0.744" /><testcase classname="tests.test_loop_user_crud.Test_UserCrud" name="test_update_user_profile[user3]" time="0.703" /><testcase classname="tests.test_loop_user_crud.Test_UserCrud" name="test_logout_user[user3]" time="0.132" /><testcase classname="tests.test_loop_user_crud.Test_UserCrud" name="test_get_user_profile_after_logout[user3]" time="0.825" /><testcase classname="tests.test_loop_user_crud.Test_UserCrud" name="test_login_and_get_updated_user[user3]" time="0.172" /><testcase classname="tests.test_loop_user_crud.Test_UserCrud" name="test_delete_user[user3]" time="0.133" /><testcase classname="tests.test_loop_user_crud.Test_UserCrud" name="test_get_user_profile_after_delete[user3]" time="0.127" /><testcase classname="tests.test_loop_user_crud.Test_UserCrud" name="test_register_user[user4]" time="0.320" /><testcase classname="tests.test_loop_user_crud.Test_UserCrud" name="test_login_user[user4]" time="0.161" /><testcase classname="tests.test_loop_user_crud.Test_UserCrud" name="test_get_user_profile[user4]" time="0.165" /><testcase classname="tests.test_loop_user_crud.Test_UserCrud" name="test_update_user_profile[user4]" time="0.159" /><testcase classname="tests.test_loop_user_crud.Test_UserCrud" name="test_logout_user[user4]" time="0.148" /><testcase classname="tests.test_loop_user_crud.Test_UserCrud" name="test_get_user_profile_after_logout[user4]" time="0.282" /><testcase classname="tests.test_loop_user_crud.Test_UserCrud" name="test_login_and_get_updated_user[user4]" time="0.163" /><testcase classname="tests.test_loop_user_crud.Test_UserCrud" name="test_delete_user[user4]" time="0.135" /><testcase classname="tests.test_loop_user_crud.Test_UserCrud" name="test_get_user_profile_after_delete[user4]" time="0.126" /><testcase classname="tests.test_loop_user_crud.Test_UserCrud" name="test_register_user[user5]" time="0.242" /><testcase classname="tests.test_loop_user_crud.Test_UserCrud" name="test_login_user[user5]" time="0.212" /><testcase classname="tests.test_loop_user_crud.Test_UserCrud" name="test_get_user_profile[user5]" time="0.210" /><testcase classname="tests.test_loop_user_crud.Test_UserCrud" name="test_update_user_profile[user5]" time="0.211" /><testcase classname="tests.test_loop_user_crud.Test_UserCrud" name="test_logout_user[user5]" time="0.132" /><testcase classname="tests.test_loop_user_crud.Test_UserCrud" name="test_get_user_profile_after_logout[user5]" time="0.127" /><testcase classname="tests.test_loop_user_crud.Test_UserCrud" name="test_login_and_get_updated_user[user5]" time="0.160" /><testcase classname="tests.test_loop_user_crud.Test_UserCrud" name="test_delete_user[user5]" time="0.134" /><testcase classname="tests.test_loop_user_crud.Test_UserCrud" name="test_get_user_profile_after_delete[user5]" time="0.129" /><testcase classname="tests.test_loop_user_crud.Test_UserCrud" name="test_register_user[user6]" time="0.160" /><testcase classname="tests.test_loop_user_crud.Test_UserCrud" name="test_login_user[user6]" time="0.274" /><testcase classname="tests.test_loop_user_crud.Test_UserCrud" name="test_get_user_profile[user6]" time="0.256" /><testcase classname="tests.test_loop_user_crud.Test_UserCrud" name="test_update_user_profile[user6]" time="0.179" /><testcase classname="tests.test_loop_user_crud.Test_UserCrud" name="test_logout_user[user6]" time="0.144" /><testcase classname="tests.test_loop_user_crud.Test_UserCrud" name="test_get_user_profile_after_logout[user6]" time="0.126" /><testcase classname="tests.test_loop_user_crud.Test_UserCrud" name="test_login_and_get_updated_user[user6]" time="0.157" /><testcase classname="tests.test_loop_user_crud.Test_UserCrud" name="test_delete_user[user6]" time="0.133" /><testcase classname="tests.test_loop_user_crud.Test_UserCrud" name="test_get_user_profile_after_delete[user6]" time="0.125" /><testcase classname="tests.test_loop_user_crud.Test_UserCrud" name="test_register_user[user7]" time="0.160" /><testcase classname="tests.test_loop_user_crud.Test_UserCrud" name="test_login_user[user7]" time="0.157" /><testcase classname="tests.test_loop_user_crud.Test_UserCrud" name="test_get_user_profile[user7]" time="0.125" /><testcase classname="tests.test_loop_user_crud.Test_UserCrud" name="test_update_user_profile[user7]" time="0.157" /><testcase classname="tests.test_loop_user_crud.Test_UserCrud" name="test_logout_user[user7]" time="0.149" /><testcase classname="tests.test_loop_user_crud.Test_UserCrud" name="test_get_user_profile_after_logout[user7]" time="0.250" /><testcase classname="tests.test_loop_user_crud.Test_UserCrud" name="test_login_and_get_updated_user[user7]" time="0.219" /><testcase classname="tests.test_loop_user_crud.Test_UserCrud" name="test_delete_user[user7]" time="0.158" /><testcase classname="tests.test_loop_user_crud.Test_UserCrud" name="test_get_user_profile_after_delete[user7]" time="0.124" /><testcase classname="tests.test_loop_user_crud.Test_UserCrud" name="test_register_user[user8]" time="0.181" /><testcase classname="tests.test_loop_user_crud.Test_UserCrud" name="test_login_user[user8]" time="0.162" /><testcase classname="tests.test_loop_user_crud.Test_UserCrud" name="test_get_user_profile[user8]" time="0.128" /><testcase classname="tests.test_loop_user_crud.Test_UserCrud" name="test_update_user_profile[user8]" time="0.160" /><testcase classname="tests.test_loop_user_crud.Test_UserCrud" name="test_logout_user[user8]" time="0.132" /><testcase classname="tests.test_loop_user_crud.Test_UserCrud" name="test_get_user_profile_after_logout[user8]" time="0.130" /><testcase classname="tests.test_loop_user_crud.Test_UserCrud" name="test_login_and_get_updated_user[user8]" time="0.155" /><testcase classname="tests.test_loop_user_crud.Test_UserCrud" name="test_delete_user[user8]" time="0.132" /><testcase classname="tests.test_loop_user_crud.Test_UserCrud" name="test_get_user_profile_after_delete[user8]" time="0.125" /><testcase classname="tests.test_loop_user_crud.Test_UserCrud" name="test_register_user[user9]" time="0.174" /><testcase classname="tests.test_loop_user_crud.Test_UserCrud" name="test_login_user[user9]" time="0.229" /><testcase classname="tests.test_loop_user_crud.Test_UserCrud" name="test_get_user_profile[user9]" time="0.133" /><testcase classname="tests.test_loop_user_crud.Test_UserCrud" name="test_update_user_profile[user9]" time="0.159" /><testcase classname="tests.test_loop_user_crud.Test_UserCrud" name="test_logout_user[user9]" time="0.134" /><testcase classname="tests.test_loop_user_crud.Test_UserCrud" name="test_get_user_profile_after_logout[user9]" time="0.224" /><testcase classname="tests.test_loop_user_crud.Test_UserCrud" name="test_login_and_get_updated_user[user9]" time="0.166" /><testcase classname="tests.test_loop_user_crud.Test_UserCrud" name="test_delete_user[user9]" time="0.158" /><testcase classname="tests.test_loop_user_crud.Test_UserCrud" name="test_get_user_profile_after_delete[user9]" time="0.125" /><testcase classname="tests.test_loop_user_crud.Test_UserCrud" name="test_register_user[user10]" time="0.172" /><testcase classname="tests.test_loop_user_crud.Test_UserCrud" name="test_login_user[user10]" time="0.480" /><testcase classname="tests.test_loop_user_crud.Test_UserCrud" name="test_get_user_profile[user10]" time="0.550" /><testcase classname="tests.test_loop_user_crud.Test_UserCrud" name="test_update_user_profile[user10]" time="0.473" /><testcase classname="tests.test_loop_user_crud.Test_UserCrud" name="test_logout_user[user10]" time="0.458" /><testcase classname="tests.test_loop_user_crud.Test_UserCrud" name="test_get_user_profile_after_logout[user10]" time="0.445" /><testcase classname="tests.test_loop_user_crud.Test_UserCrud" name="test_login_and_get_updated_user[user10]" time="0.479" /><testcase classname="tests.test_loop_user_crud.Test_UserCrud" name="test_delete_user[user10]" time="0.434" /><testcase classname="tests.test_loop_user_crud.Test_UserCrud" name="test_get_user_profile_after_delete[user10]" time="0.424" /></testsuite></testsuites>